2019-12-22 14:50:09.373  INFO 6532 --- [main] com.zf.BlogApplication                   : Starting BlogApplication on XTZ-20190926XIZ with PID 6532 (E:\IdeaProjects\blog\target\classes started by Administrator in E:\IdeaProjects\blog)
2019-12-22 14:50:09.384 DEBUG 6532 --- [main] com.zf.BlogApplication                   : Running with Spring Boot v2.2.2.RELEASE, Spring v5.2.2.RELEASE
2019-12-22 14:50:09.385  INFO 6532 --- [main] com.zf.BlogApplication                   : No active profile set, falling back to default profiles: default
2019-12-22 14:50:10.738  INFO 6532 --- [main] .s.d.r.c.RepositoryConfigurationDelegate : Bootstrapping Spring Data JPA repositories in DEFAULT mode.
2019-12-22 14:50:10.910  INFO 6532 --- [main] .s.d.r.c.RepositoryConfigurationDelegate : Finished Spring Data repository scanning in 154ms. Found 5 JPA repository interfaces.
2019-12-22 14:50:11.405  INFO 6532 --- [main] trationDelegate$BeanPostProcessorChecker : Bean 'org.springframework.transaction.annotation.ProxyTransactionManagementConfiguration' of type [org.springframework.transaction.annotation.ProxyTransactionManagementConfiguration] is not eligible for getting processed by all BeanPostProcessors (for example: not eligible for auto-proxying)
2019-12-22 14:50:12.123  INFO 6532 --- [main] o.s.b.w.embedded.tomcat.TomcatWebServer  : Tomcat initialized with port(s): 8080 (http)
2019-12-22 14:50:12.141  INFO 6532 --- [main] o.apache.catalina.core.StandardService   : Starting service [Tomcat]
2019-12-22 14:50:12.142  INFO 6532 --- [main] org.apache.catalina.core.StandardEngine  : Starting Servlet engine: [Apache Tomcat/9.0.29]
2019-12-22 14:50:12.400  INFO 6532 --- [main] o.a.c.c.C.[Tomcat].[localhost].[/]       : Initializing Spring embedded WebApplicationContext
2019-12-22 14:50:12.401  INFO 6532 --- [main] o.s.web.context.ContextLoader            : Root WebApplicationContext: initialization completed in 2914 ms
2019-12-22 14:50:12.726  INFO 6532 --- [main] o.hibernate.jpa.internal.util.LogHelper  : HHH000204: Processing PersistenceUnitInfo [name: default]
2019-12-22 14:50:12.853  INFO 6532 --- [main] org.hibernate.Version                    : HHH000412: Hibernate Core {5.4.9.Final}
2019-12-22 14:50:13.206  INFO 6532 --- [main] o.hibernate.annotations.common.Version   : HCANN000001: Hibernate Commons Annotations {5.1.0.Final}
2019-12-22 14:50:13.374  INFO 6532 --- [main] com.zaxxer.hikari.HikariDataSource       : HikariPool-1 - Starting...
2019-12-22 14:50:13.376  WARN 6532 --- [main] com.zaxxer.hikari.util.DriverDataSource  : Registered driver with driverClassName=com.mysql.jdbc.Driver was not found, trying direct instantiation.
2019-12-22 14:50:13.582  INFO 6532 --- [main] com.zaxxer.hikari.HikariDataSource       : HikariPool-1 - Start completed.
2019-12-22 14:50:13.619  INFO 6532 --- [main] org.hibernate.dialect.Dialect            : HHH000400: Using dialect: org.hibernate.dialect.MySQL57Dialect
2019-12-22 14:50:14.955  INFO 6532 --- [main] o.h.e.t.j.p.i.JtaPlatformInitiator       : HHH000490: Using JtaPlatform implementation: [org.hibernate.engine.transaction.jta.platform.internal.NoJtaPlatform]
2019-12-22 14:50:14.966  INFO 6532 --- [main] j.LocalContainerEntityManagerFactoryBean : Initialized JPA EntityManagerFactory for persistence unit 'default'
2019-12-22 14:50:16.417  WARN 6532 --- [main] JpaBaseConfiguration$JpaWebConfiguration : spring.jpa.open-in-view is enabled by default. Therefore, database queries may be performed during view rendering. Explicitly configure spring.jpa.open-in-view to disable this warning
2019-12-22 14:50:16.722  INFO 6532 --- [main] o.s.s.concurrent.ThreadPoolTaskExecutor  : Initializing ExecutorService 'applicationTaskExecutor'
2019-12-22 14:50:16.889  INFO 6532 --- [main] o.s.b.a.w.s.WelcomePageHandlerMapping    : Adding welcome page template: index
2019-12-22 14:50:17.308  INFO 6532 --- [main] o.s.b.w.embedded.tomcat.TomcatWebServer  : Tomcat started on port(s): 8080 (http) with context path ''
2019-12-22 14:50:17.311  INFO 6532 --- [main] com.zf.BlogApplication                   : Started BlogApplication in 8.844 seconds (JVM running for 10.273)
2019-12-22 14:50:17.404  INFO 6532 --- [http-nio-8080-exec-1] o.a.c.c.C.[Tomcat].[localhost].[/]       : Initializing Spring DispatcherServlet 'dispatcherServlet'
2019-12-22 14:50:17.404  INFO 6532 --- [http-nio-8080-exec-1] o.s.web.servlet.DispatcherServlet        : Initializing Servlet 'dispatcherServlet'
2019-12-22 14:50:17.422  INFO 6532 --- [http-nio-8080-exec-1] o.s.web.servlet.DispatcherServlet        : Completed initialization in 17 ms
2019-12-22 14:50:17.478  INFO 6532 --- [http-nio-8080-exec-1] com.zf.aspect.LogAspect                  : Request : {url='http://localhost:8080/', ip='0:0:0:0:0:0:0:1', classMethod='com.zf.controller.IndexController.index', args=[Page request [number: 0, size 10, sort: updateTime: DESC], {}]}
2019-12-22 14:50:17.891  WARN 6532 --- [http-nio-8080-exec-1] org.hibernate.orm.deprecation            : HHH90000016: Found use of deprecated 'collection property' syntax in HQL/JPQL query [t.blogs.size]; use collection function syntax instead [size(t.blogs)].
2019-12-22 14:50:17.915  WARN 6532 --- [http-nio-8080-exec-1] org.hibernate.orm.deprecation            : HHH90000016: Found use of deprecated 'collection property' syntax in HQL/JPQL query [t.blogs.size]; use collection function syntax instead [size(t.blogs)].
2019-12-22 14:50:17.922  INFO 6532 --- [http-nio-8080-exec-1] com.zf.aspect.LogAspect                  : Result : index
2019-12-22 14:50:22.107  INFO 6532 --- [http-nio-8080-exec-2] com.zf.aspect.LogAspect                  : Request : {url='http://localhost:8080/blog/52', ip='127.0.0.1', classMethod='com.zf.controller.IndexController.blog', args=[52, {}]}
2019-12-22 14:50:22.233  INFO 6532 --- [http-nio-8080-exec-2] com.zf.aspect.LogAspect                  : Result : blog
2019-12-22 14:50:38.873  INFO 6532 --- [http-nio-8080-exec-4] com.zf.aspect.LogAspect                  : Request : {url='http://localhost:8080/footer/newblog', ip='127.0.0.1', classMethod='com.zf.controller.IndexController.newBlogs', args=[{}]}
2019-12-22 14:50:38.883  INFO 6532 --- [http-nio-8080-exec-4] com.zf.aspect.LogAspect                  : Result : _fragments :: newBlogList
2019-12-22 14:50:39.479  INFO 6532 --- [http-nio-8080-exec-3] com.zf.aspect.LogAspect                  : Request : {url='http://localhost:8080/comments/52', ip='127.0.0.1', classMethod='com.zf.controller.CommentController.commentList', args=[52, {}]}
2019-12-22 14:50:39.510  INFO 6532 --- [http-nio-8080-exec-3] com.zf.aspect.LogAspect                  : Result : blog :: commentList
